{
  "RSpec": {
    "coverage": {
      "/Users/samanthaivari/turing/mod1/futbol/lib/statistics/game_statistics.rb": [
        1,
        1,
        null,
        1,
        33,
        null,
        null,
        1,
        5,
        null,
        1,
        null,
        null,
        1,
        5,
        null,
        1,
        null,
        null,
        1,
        5,
        1,
        1,
        null,
        null,
        1,
        5,
        1,
        1,
        null,
        null,
        1,
        5,
        1,
        1,
        null,
        null,
        1,
        1,
        5,
        5,
        null,
        1,
        null,
        null,
        1,
        5,
        null,
        null,
        1,
        1,
        1,
        2,
        4,
        null,
        2,
        null,
        1,
        null,
        null,
        null,
        1,
        4,
        20,
        null,
        null,
        null,
        1,
        1,
        3,
        6,
        null,
        3,
        6,
        null,
        3,
        3,
        3,
        3,
        null,
        1,
        null,
        null,
        1,
        1,
        3,
        6,
        null,
        3,
        6,
        null,
        3,
        3,
        3,
        3,
        null,
        1,
        null,
        null,
        null,
        1,
        4,
        24,
        null,
        4,
        4,
        null,
        null,
        null,
        1,
        4,
        24,
        null,
        4,
        4,
        null,
        null,
        null,
        1,
        3,
        3,
        15,
        null,
        null,
        3,
        null,
        null,
        null,
        1,
        3,
        3,
        3,
        null,
        null,
        3,
        null,
        null,
        1,
        4,
        2,
        4,
        null,
        2,
        null,
        null,
        1,
        1,
        2,
        2,
        2,
        6,
        3,
        null,
        null,
        2,
        null,
        1,
        null,
        null,
        1,
        0,
        0,
        0,
        0,
        0,
        0,
        null,
        null,
        0,
        null,
        0,
        null,
        null
      ]
    },
    "timestamp": 1641860233
  }
}
